<?xml version="1.0" encoding="UTF-8"?>
<!-- Generated by org.testng.reporters.JUnitReportReporter -->
<testsuite skipped="9" hostname="DESKTOP-2B1LI3H" name="restwiremock.WiremockServiceVirtualisation" tests="10" failures="0" timestamp="11 Nov 2018 23:18:05 GMT" time="1.421" errors="0">
  <testcase name="testWireMockStatefulBehaviour" time="1.421" classname="restwiremock.WiremockServiceVirtualisation"/>
  <testcase name="testWireMockUniformDelayDistribution" classname="restwiremock.WiremockServiceVirtualisation">
    <skipped/>
  </testcase> <!-- testWireMockUniformDelayDistribution -->
  <testcase name="testWireMockStateful" classname="restwiremock.WiremockServiceVirtualisation">
    <skipped/>
  </testcase> <!-- testWireMockStateful -->
  <testcase name="testWireMockLogDelayDistribution" classname="restwiremock.WiremockServiceVirtualisation">
    <skipped/>
  </testcase> <!-- testWireMockLogDelayDistribution -->
  <testcase name="testWireMockDynamicResponse" classname="restwiremock.WiremockServiceVirtualisation">
    <skipped/>
  </testcase> <!-- testWireMockDynamicResponse -->
  <testcase name="testWireMockSpecificURL" classname="restwiremock.WiremockServiceVirtualisation">
    <skipped/>
  </testcase> <!-- testWireMockSpecificURL -->
  <testcase name="testWireMockChunkedDelay" classname="restwiremock.WiremockServiceVirtualisation">
    <skipped/>
  </testcase> <!-- testWireMockChunkedDelay -->
  <testcase name="testWireMockFault" classname="restwiremock.WiremockServiceVirtualisation">
    <skipped/>
  </testcase> <!-- testWireMockFault -->
  <testcase name="testWireMockFixedDelay" classname="restwiremock.WiremockServiceVirtualisation">
    <skipped/>
  </testcase> <!-- testWireMockFixedDelay -->
  <testcase name="testWireDefaultURL" classname="restwiremock.WiremockServiceVirtualisation">
    <skipped/>
  </testcase> <!-- testWireDefaultURL -->
</testsuite> <!-- restwiremock.WiremockServiceVirtualisation -->
