<?xml version="1.0" encoding="UTF-8"?>
<!-- Generated by org.testng.reporters.JUnitReportReporter -->
<testsuite skipped="2" hostname="AnnaInspiron" name="restAssuredAPIDemosPackage.BasicAPITest" tests="10" failures="0" timestamp="05 Sep 2018 07:05:59 GMT" time="45.552" errors="0">
  <testcase name="RESTJSONContentsEditString" time="0.139" classname="restAssuredAPIDemosPackage.BasicAPITest"/>
  <testcase name="RESTJSONContentsEditString" time="44.106" classname="restAssuredAPIDemosPackage.BasicAPITest"/>
  <testcase name="exampleRestTest" time="0.252" classname="restAssuredAPIDemosPackage.BasicAPITest"/>
  <testcase name="RESTJSONContentsEditString" time="0.240" classname="restAssuredAPIDemosPackage.BasicAPITest"/>
  <testcase name="RESTPathsTest" time="0.499" classname="restAssuredAPIDemosPackage.BasicAPITest"/>
  <testcase name="testHeadersAndCookies" time="0.186" classname="restAssuredAPIDemosPackage.BasicAPITest"/>
  <testcase name="RESTPathsTest" time="0.103" classname="restAssuredAPIDemosPackage.BasicAPITest"/>
  <testcase name="RESTPathsTest" time="0.027" classname="restAssuredAPIDemosPackage.BasicAPITest"/>
  <testcase name="RESTJSONContentsWithBuilder" classname="restAssuredAPIDemosPackage.BasicAPITest">
    <skipped/>
  </testcase> <!-- RESTJSONContentsWithBuilder -->
  <testcase name="URLsToBTested" classname="restAssuredAPIDemosPackage.BasicAPITest">
    <skipped/>
  </testcase> <!-- URLsToBTested -->
</testsuite> <!-- restAssuredAPIDemosPackage.BasicAPITest -->
