<?xml version="1.0" encoding="UTF-8"?>
<!-- Generated by org.testng.reporters.JUnitReportReporter -->
<testsuite skipped="19" hostname="DESKTOP-2B1LI3H" name="restAssuredAPIDemosPackage.BasicAPITest" tests="29" failures="0" timestamp="07 Nov 2018 11:46:37 GMT" time="2.266" errors="0">
  <testcase name="checkXMLCountNumberofBooksORstatement" time="0.027" classname="restAssuredAPIDemosPackage.BasicAPITest"/>
  <testcase name="checkXMLCountNumberofActionBooks" time="1.937" classname="restAssuredAPIDemosPackage.BasicAPITest"/>
  <testcase name="checkXMLCountNumberofBooksNOTstatement" time="0.023" classname="restAssuredAPIDemosPackage.BasicAPITest"/>
  <testcase name="checkXMLCountNumberofBooksInaSet" time="0.039" classname="restAssuredAPIDemosPackage.BasicAPITest"/>
  <testcase name="checkXMLForBooks1stBookCategory" time="0.036" classname="restAssuredAPIDemosPackage.BasicAPITest"/>
  <testcase name="checkXMLCountNumberofBooksANDstatement" time="0.036" classname="restAssuredAPIDemosPackage.BasicAPITest"/>
  <testcase name="checkXMLCountNumberofBooksPriceRange" time="0.036" classname="restAssuredAPIDemosPackage.BasicAPITest"/>
  <testcase name="checkXMLCountNumberofBooksItemRange" time="0.051" classname="restAssuredAPIDemosPackage.BasicAPITest"/>
  <testcase name="checkXMLForBooks3rdBookCategory" time="0.028" classname="restAssuredAPIDemosPackage.BasicAPITest"/>
  <testcase name="checkXMLForBooksLastBookCategory" time="0.053" classname="restAssuredAPIDemosPackage.BasicAPITest"/>
  <testcase name="RESTYAMLTester" classname="restAssuredAPIDemosPackage.BasicAPITest">
    <skipped/>
  </testcase> <!-- RESTYAMLTester -->
  <testcase name="checkJSONCountNumberofBooksORstatement" classname="restAssuredAPIDemosPackage.BasicAPITest">
    <skipped/>
  </testcase> <!-- checkJSONCountNumberofBooksORstatement -->
  <testcase name="checkJSONCountNumberofBooksNOTstatement" classname="restAssuredAPIDemosPackage.BasicAPITest">
    <skipped/>
  </testcase> <!-- checkJSONCountNumberofBooksNOTstatement -->
  <testcase name="checkJSONCountNumberofBooksANDstatement" classname="restAssuredAPIDemosPackage.BasicAPITest">
    <skipped/>
  </testcase> <!-- checkJSONCountNumberofBooksANDstatement -->
  <testcase name="checkJSONForBooksLastBookCategory" classname="restAssuredAPIDemosPackage.BasicAPITest">
    <skipped/>
  </testcase> <!-- checkJSONForBooksLastBookCategory -->
  <testcase name="RESTYAMLGenerator" classname="restAssuredAPIDemosPackage.BasicAPITest">
    <skipped/>
  </testcase> <!-- RESTYAMLGenerator -->
  <testcase name="RESTJSONContentsEditString" classname="restAssuredAPIDemosPackage.BasicAPITest">
    <skipped/>
  </testcase> <!-- RESTJSONContentsEditString -->
  <testcase name="RESTPathsTest" classname="restAssuredAPIDemosPackage.BasicAPITest">
    <skipped/>
  </testcase> <!-- RESTPathsTest -->
  <testcase name="checkJSONCountNumberofBooksPriceRange" classname="restAssuredAPIDemosPackage.BasicAPITest">
    <skipped/>
  </testcase> <!-- checkJSONCountNumberofBooksPriceRange -->
  <testcase name="checkJSONCountNumberofBooksItemRange" classname="restAssuredAPIDemosPackage.BasicAPITest">
    <skipped/>
  </testcase> <!-- checkJSONCountNumberofBooksItemRange -->
  <testcase name="testHeadersAndCookies" classname="restAssuredAPIDemosPackage.BasicAPITest">
    <skipped/>
  </testcase> <!-- testHeadersAndCookies -->
  <testcase name="checkJSONForBooks3rdBookCategory" classname="restAssuredAPIDemosPackage.BasicAPITest">
    <skipped/>
  </testcase> <!-- checkJSONForBooks3rdBookCategory -->
  <testcase name="exampleRestTest" classname="restAssuredAPIDemosPackage.BasicAPITest">
    <skipped/>
  </testcase> <!-- exampleRestTest -->
  <testcase name="checkJSONFor1stBookCategory" classname="restAssuredAPIDemosPackage.BasicAPITest">
    <skipped/>
  </testcase> <!-- checkJSONFor1stBookCategory -->
  <testcase name="checkJSONCountNumberofActionBooks" classname="restAssuredAPIDemosPackage.BasicAPITest">
    <skipped/>
  </testcase> <!-- checkJSONCountNumberofActionBooks -->
  <testcase name="RESTJSONContentsWithBuilder" classname="restAssuredAPIDemosPackage.BasicAPITest">
    <skipped/>
  </testcase> <!-- RESTJSONContentsWithBuilder -->
  <testcase name="checkJSONCountNumberofBooksInaSet" classname="restAssuredAPIDemosPackage.BasicAPITest">
    <skipped/>
  </testcase> <!-- checkJSONCountNumberofBooksInaSet -->
  <testcase name="URLsToBTested" classname="restAssuredAPIDemosPackage.BasicAPITest">
    <skipped/>
  </testcase> <!-- URLsToBTested -->
  <testcase name="checkJSONExectueOperationThenChecks" classname="restAssuredAPIDemosPackage.BasicAPITest">
    <skipped/>
  </testcase> <!-- checkJSONExectueOperationThenChecks -->
</testsuite> <!-- restAssuredAPIDemosPackage.BasicAPITest -->
